<?xml version="1.0" encoding="UTF-8"?>
<robot generator="Robot 7.0 (Python 3.11.3 on win32)" generated="2024-01-25T19:06:57.735037" rpa="false" schemaversion="5">
<suite id="s1" name="Python course 2023" source="C:\Users\Nikita_Kuzmin\Documents\GitHub\Python_course_2023">
<suite id="s1-s1" name="Homeworks" source="C:\Users\Nikita_Kuzmin\Documents\GitHub\Python_course_2023\Homeworks">
<suite id="s1-s1-s1" name="Src" source="C:\Users\Nikita_Kuzmin\Documents\GitHub\Python_course_2023\Homeworks\src">
<suite id="s1-s1-s1-s1" name="RobotHW" source="C:\Users\Nikita_Kuzmin\Documents\GitHub\Python_course_2023\Homeworks\src\RobotHW">
<suite id="s1-s1-s1-s1-s1" name="Demoblaze Test" source="C:\Users\Nikita_Kuzmin\Documents\GitHub\Python_course_2023\Homeworks\src\RobotHW\demoblaze_test.robot">
<test id="s1-s1-s1-s1-s1-t1" name="LoginTest" line="27">
<kw name="Open Browser" owner="SeleniumLibrary" type="SETUP">
<msg time="2024-01-25T19:06:57.883639" level="INFO">Opening browser 'chrome' to base url 'https://www.demoblaze.com/'.</msg>
<arg>${url}</arg>
<arg>${browser}</arg>
<doc>Opens a new browser instance to the optional ``url``.</doc>
<status status="PASS" start="2024-01-25T19:06:57.882640" elapsed="2.305367"/>
</kw>
<kw name="ClickLogInButton" owner="resources">
<kw name="Wait Until Element Is Visible" owner="SeleniumLibrary">
<arg>${HOME_PAGE_LOGIN_BUTTON}</arg>
<doc>Waits until the element ``locator`` is visible.</doc>
<status status="PASS" start="2024-01-25T19:07:00.189007" elapsed="0.015110"/>
</kw>
<kw name="Click Element" owner="SeleniumLibrary">
<msg time="2024-01-25T19:07:00.205116" level="INFO">Clicking element 'id:login2'.</msg>
<arg>${HOME_PAGE_LOGIN_BUTTON}</arg>
<doc>Click the element identified by ``locator``.</doc>
<status status="PASS" start="2024-01-25T19:07:00.204117" elapsed="0.030677"/>
</kw>
<status status="PASS" start="2024-01-25T19:07:00.188007" elapsed="0.046787"/>
</kw>
<kw name="ValidateLoginAndPasswordFieldsArePresented" owner="resources">
<kw name="Wait Until Element Is Visible" owner="SeleniumLibrary">
<arg>${USER_NAME_INPUT}</arg>
<doc>Waits until the element ``locator`` is visible.</doc>
<status status="PASS" start="2024-01-25T19:07:00.235793" elapsed="0.226301"/>
</kw>
<kw name="Element Should Be Visible" owner="SeleniumLibrary">
<msg time="2024-01-25T19:07:00.472095" level="INFO">Element 'id:loginusername' is displayed.</msg>
<arg>${USER_NAME_INPUT}</arg>
<doc>Verifies that the element identified by ``locator`` is visible.</doc>
<status status="PASS" start="2024-01-25T19:07:00.462094" elapsed="0.010001"/>
</kw>
<kw name="Element Should Be Visible" owner="SeleniumLibrary">
<msg time="2024-01-25T19:07:00.499095" level="INFO">Element 'id:loginpassword' is displayed.</msg>
<arg>id:loginpassword</arg>
<doc>Verifies that the element identified by ``locator`` is visible.</doc>
<status status="PASS" start="2024-01-25T19:07:00.473096" elapsed="0.025999"/>
</kw>
<status status="PASS" start="2024-01-25T19:07:00.235793" elapsed="0.263302"/>
</kw>
<kw name="LoginToApplication" owner="resources">
<kw name="Wait Until Element Is Visible" owner="SeleniumLibrary">
<arg>${USER_NAME_INPUT}</arg>
<doc>Waits until the element ``locator`` is visible.</doc>
<status status="PASS" start="2024-01-25T19:07:00.501095" elapsed="0.013998"/>
</kw>
<kw name="Input Text" owner="SeleniumLibrary">
<msg time="2024-01-25T19:07:00.516094" level="INFO">Typing text 'test12324' into text field 'id:loginusername'.</msg>
<arg>${USER_NAME_INPUT}</arg>
<arg>${login}</arg>
<doc>Types the given ``text`` into the text field identified by ``locator``.</doc>
<status status="PASS" start="2024-01-25T19:07:00.516094" elapsed="0.082013"/>
</kw>
<kw name="Input Text" owner="SeleniumLibrary">
<msg time="2024-01-25T19:07:00.599107" level="INFO">Typing text 'ufZ@P8pxEssab4A' into text field 'id:loginpassword'.</msg>
<arg>id:loginpassword</arg>
<arg>${password}</arg>
<doc>Types the given ``text`` into the text field identified by ``locator``.</doc>
<status status="PASS" start="2024-01-25T19:07:00.599107" elapsed="0.066001"/>
</kw>
<kw name="Click Element" owner="SeleniumLibrary">
<msg time="2024-01-25T19:07:00.666107" level="INFO">Clicking element 'xpath://div[@class='modal-footer']/button[text()='Log in']'.</msg>
<arg>xpath://div[@class='modal-footer']/button[text()='Log in']</arg>
<doc>Click the element identified by ``locator``.</doc>
<status status="PASS" start="2024-01-25T19:07:00.665108" elapsed="0.036893"/>
</kw>
<status status="PASS" start="2024-01-25T19:07:00.500095" elapsed="0.201906"/>
</kw>
<kw name="checkLogOutButtonIsVisible" owner="resources">
<kw name="Wait Until Element Is Visible" owner="SeleniumLibrary">
<arg>id:logout2</arg>
<doc>Waits until the element ``locator`` is visible.</doc>
<status status="PASS" start="2024-01-25T19:07:00.703002" elapsed="0.965126"/>
</kw>
<kw name="Element Should Be Visible" owner="SeleniumLibrary">
<msg time="2024-01-25T19:07:01.677128" level="INFO">Element 'id:logout2' is displayed.</msg>
<arg>id:logout2</arg>
<doc>Verifies that the element identified by ``locator`` is visible.</doc>
<status status="PASS" start="2024-01-25T19:07:01.669129" elapsed="0.007999"/>
</kw>
<status status="PASS" start="2024-01-25T19:07:00.702001" elapsed="0.975127"/>
</kw>
<kw name="validateWelcomeMessageText" owner="resources">
<kw name="Element Should Contain" owner="SeleniumLibrary">
<msg time="2024-01-25T19:07:01.691129" level="INFO">Element 'id:nameofuser' contains text 'Welcome test12324'.</msg>
<arg>id:nameofuser</arg>
<arg>${message}</arg>
<doc>Verifies that element ``locator`` contains text ``expected``.</doc>
<status status="PASS" start="2024-01-25T19:07:01.678129" elapsed="0.013000"/>
</kw>
<arg>Welcome ${login}</arg>
<status status="PASS" start="2024-01-25T19:07:01.677128" elapsed="0.014001"/>
</kw>
<kw name="Close Browser" owner="SeleniumLibrary" type="TEARDOWN">
<doc>Closes the current browser.</doc>
<status status="PASS" start="2024-01-25T19:07:01.692130" elapsed="2.102663"/>
</kw>
<status status="PASS" start="2024-01-25T19:06:57.881638" elapsed="5.913155"/>
</test>
<status status="PASS" start="2024-01-25T19:06:57.759045" elapsed="6.036748"/>
</suite>
<status status="PASS" start="2024-01-25T19:06:57.758043" elapsed="6.039752"/>
</suite>
<status status="PASS" start="2024-01-25T19:06:57.756044" elapsed="6.042750"/>
</suite>
<status status="PASS" start="2024-01-25T19:06:57.755045" elapsed="6.044749"/>
</suite>
<status status="PASS" start="2024-01-25T19:06:57.738035" elapsed="6.062760"/>
</suite>
<statistics>
<total>
<stat pass="1" fail="0" skip="0">All Tests</stat>
</total>
<tag>
</tag>
<suite>
<stat pass="1" fail="0" skip="0" id="s1" name="Python course 2023">Python course 2023</stat>
<stat pass="1" fail="0" skip="0" id="s1-s1" name="Homeworks">Python course 2023.Homeworks</stat>
<stat pass="1" fail="0" skip="0" id="s1-s1-s1" name="Src">Python course 2023.Homeworks.Src</stat>
<stat pass="1" fail="0" skip="0" id="s1-s1-s1-s1" name="RobotHW">Python course 2023.Homeworks.Src.RobotHW</stat>
<stat pass="1" fail="0" skip="0" id="s1-s1-s1-s1-s1" name="Demoblaze Test">Python course 2023.Homeworks.Src.RobotHW.Demoblaze Test</stat>
</suite>
</statistics>
<errors>
</errors>
</robot>
